[debug] [2020-08-18T04:25:52.588Z] ----------------------------------------------------------------------
[debug] [2020-08-18T04:25:52.594Z] Command:       /usr/bin/node /usr/local/bin/firebase deploy
[debug] [2020-08-18T04:25:52.595Z] CLI Version:   8.7.0
[debug] [2020-08-18T04:25:52.595Z] Platform:      linux
[debug] [2020-08-18T04:25:52.595Z] Node Version:  v14.8.0
[debug] [2020-08-18T04:25:52.596Z] Time:          Tue Aug 18 2020 09:55:52 GMT+0530 (India Standard Time)
[debug] [2020-08-18T04:25:52.597Z] ----------------------------------------------------------------------
[debug] [2020-08-18T04:25:52.597Z] 
[debug] [2020-08-18T04:25:52.646Z] > command requires scopes: ["email","openid","https://www.googleapis.com/auth/cloudplatformprojects.readonly","https://www.googleapis.com/auth/firebase","https://www.googleapis.com/auth/cloud-platform"]
[debug] [2020-08-18T04:25:52.647Z] > authorizing via signed-in user
[debug] [2020-08-18T04:25:52.647Z] [iam] checking project project-z-20 for permissions ["firebase.projects.get","firebasehosting.sites.update"]
[debug] [2020-08-18T04:25:52.650Z] > refreshing access token with scopes: ["email","https://www.googleapis.com/auth/cloud-platform","https://www.googleapis.com/auth/cloudplatformprojects.readonly","https://www.googleapis.com/auth/firebase","openid"]
[debug] [2020-08-18T04:25:52.650Z] >>> HTTP REQUEST POST https://www.googleapis.com/oauth2/v3/token  
 <request body omitted>
[debug] [2020-08-18T04:25:54.370Z] <<< HTTP RESPONSE 200 {"content-type":"application/json; charset=utf-8","vary":"X-Origin, Referer, Origin,Accept-Encoding","date":"Tue, 18 Aug 2020 04:25:54 GMT","server":"scaffolding on HTTPServer2","cache-control":"private","x-xss-protection":"0","x-frame-options":"SAMEORIGIN","x-content-type-options":"nosniff","alt-svc":"h3-29=\":443\"; ma=2592000,h3-27=\":443\"; ma=2592000,h3-T050=\":443\"; ma=2592000,h3-Q050=\":443\"; ma=2592000,h3-Q046=\":443\"; ma=2592000,h3-Q043=\":443\"; ma=2592000,quic=\":443\"; ma=2592000; v=\"46,43\"","accept-ranges":"none","transfer-encoding":"chunked"}
[debug] [2020-08-18T04:25:54.868Z] >>> HTTP REQUEST POST https://cloudresourcemanager.googleapis.com/v1/projects/project-z-20:testIamPermissions  
 {"permissions":["firebase.projects.get","firebasehosting.sites.update"]}
[debug] [2020-08-18T04:25:56.848Z] <<< HTTP RESPONSE 200 {"content-type":"application/json; charset=UTF-8","vary":"X-Origin, Referer, Origin,Accept-Encoding","date":"Tue, 18 Aug 2020 04:25:56 GMT","server":"ESF","cache-control":"private","x-xss-protection":"0","x-frame-options":"SAMEORIGIN","x-content-type-options":"nosniff","server-timing":"gfet4t7; dur=1151","alt-svc":"h3-29=\":443\"; ma=2592000,h3-27=\":443\"; ma=2592000,h3-T050=\":443\"; ma=2592000,h3-Q050=\":443\"; ma=2592000,h3-Q046=\":443\"; ma=2592000,h3-Q043=\":443\"; ma=2592000,quic=\":443\"; ma=2592000; v=\"46,43\"","accept-ranges":"none","transfer-encoding":"chunked"}
[debug] [2020-08-18T04:25:56.850Z] >>> HTTP REQUEST GET https://firebase.googleapis.com/v1beta1/projects/project-z-20  
 
[debug] [2020-08-18T04:26:09.408Z] <<< HTTP RESPONSE 200 {"content-type":"application/json; charset=UTF-8","vary":"X-Origin, Referer, Origin,Accept-Encoding","date":"Tue, 18 Aug 2020 04:26:09 GMT","server":"ESF","cache-control":"private","x-xss-protection":"0","x-frame-options":"SAMEORIGIN","x-content-type-options":"nosniff","alt-svc":"h3-29=\":443\"; ma=2592000,h3-27=\":443\"; ma=2592000,h3-T050=\":443\"; ma=2592000,h3-Q050=\":443\"; ma=2592000,h3-Q046=\":443\"; ma=2592000,h3-Q043=\":443\"; ma=2592000,quic=\":443\"; ma=2592000; v=\"46,43\"","accept-ranges":"none","transfer-encoding":"chunked"}
[info] 
[info] === Deploying to 'project-z-20'...
[info] 
[info] i  deploying hosting 
[debug] [2020-08-18T04:26:09.415Z] >>> HTTP REQUEST POST https://firebasehosting.googleapis.com/v1beta1/sites/project-z-20/versions  
 {"config":{"rewrites":[{"glob":"**","path":"/index.html"}]},"labels":{"deployment-tool":"cli-firebase"}}
[debug] [2020-08-18T04:26:11.700Z] <<< HTTP RESPONSE 200 {"content-type":"application/json; charset=UTF-8","vary":"X-Origin, Referer, Origin,Accept-Encoding","date":"Tue, 18 Aug 2020 04:26:11 GMT","server":"ESF","cache-control":"private","x-xss-protection":"0","x-frame-options":"SAMEORIGIN","x-content-type-options":"nosniff","alt-svc":"h3-29=\":443\"; ma=2592000,h3-27=\":443\"; ma=2592000,h3-T050=\":443\"; ma=2592000,h3-Q050=\":443\"; ma=2592000,h3-Q046=\":443\"; ma=2592000,h3-Q043=\":443\"; ma=2592000,quic=\":443\"; ma=2592000; v=\"46,43\"","accept-ranges":"none","transfer-encoding":"chunked"}
[info] i  hosting[project-z-20]: beginning deploy... 
[info] i  hosting[project-z-20]: found 18 files in build 
[debug] [2020-08-18T04:26:12.639Z] [hosting] hash cache [YnVpbGQ] stored for 18 files
[debug] [2020-08-18T04:26:12.640Z] [hosting][hash queue][FINAL] {"max":903,"min":35,"avg":91.61111111111111,"active":0,"complete":18,"success":18,"errored":0,"retried":0,"total":18,"elapsed":916}
[debug] [2020-08-18T04:26:12.641Z] >>> HTTP REQUEST POST https://firebasehosting.googleapis.com/v1beta1/sites/project-z-20/versions/cbd139365fd7872d:populateFiles  
 <request body omitted>
[debug] [2020-08-18T04:26:17.971Z] <<< HTTP RESPONSE 200 {"content-type":"application/json; charset=UTF-8","vary":"X-Origin, Referer, Origin,Accept-Encoding","date":"Tue, 18 Aug 2020 04:26:17 GMT","server":"ESF","cache-control":"private","x-xss-protection":"0","x-frame-options":"SAMEORIGIN","x-content-type-options":"nosniff","alt-svc":"h3-29=\":443\"; ma=2592000,h3-27=\":443\"; ma=2592000,h3-T050=\":443\"; ma=2592000,h3-Q050=\":443\"; ma=2592000,h3-Q046=\":443\"; ma=2592000,h3-Q043=\":443\"; ma=2592000,quic=\":443\"; ma=2592000; v=\"46,43\"","accept-ranges":"none","transfer-encoding":"chunked"}
[debug] [2020-08-18T04:26:17.981Z] [hosting][populate queue][FINAL] {"max":5337,"min":5337,"avg":5337,"active":0,"complete":1,"success":1,"errored":0,"retried":0,"total":1,"elapsed":5343}
[debug] [2020-08-18T04:26:17.981Z] [hosting] uploads queued: 8
[debug] [2020-08-18T04:28:50.675Z] [hosting][upload queue][FINAL] {"max":152702,"min":9349,"avg":40516.625,"active":0,"complete":8,"success":8,"errored":0,"retried":0,"total":8,"elapsed":152702}
[info] ✔  hosting[project-z-20]: file upload complete 
[debug] [2020-08-18T04:28:50.677Z] [hosting] deploy completed after 158974ms
[debug] [2020-08-18T04:28:51.080Z] [
  {
    "config": {
      "public": "build",
      "ignore": [
        "firebase.json",
        "**/.*",
        "**/node_modules/**"
      ],
      "rewrites": [
        {
          "source": "**",
          "destination": "/index.html"
        }
      ],
      "site": "project-z-20"
    },
    "site": "project-z-20",
    "version": "sites/project-z-20/versions/cbd139365fd7872d"
  }
]
[info] i  hosting[project-z-20]: finalizing version... 
[debug] [2020-08-18T04:28:51.082Z] >>> HTTP REQUEST PATCH https://firebasehosting.googleapis.com/v1beta1/sites/project-z-20/versions/cbd139365fd7872d?updateMask=status  
 {"status":"FINALIZED"}
[debug] [2020-08-18T04:28:53.023Z] <<< HTTP RESPONSE 200 {"content-type":"application/json; charset=UTF-8","vary":"X-Origin, Referer, Origin,Accept-Encoding","date":"Tue, 18 Aug 2020 04:28:52 GMT","server":"ESF","cache-control":"private","x-xss-protection":"0","x-frame-options":"SAMEORIGIN","x-content-type-options":"nosniff","alt-svc":"h3-29=\":443\"; ma=2592000,h3-27=\":443\"; ma=2592000,h3-T050=\":443\"; ma=2592000,h3-Q050=\":443\"; ma=2592000,h3-Q046=\":443\"; ma=2592000,h3-Q043=\":443\"; ma=2592000,quic=\":443\"; ma=2592000; v=\"46,43\"","accept-ranges":"none","transfer-encoding":"chunked"}
[debug] [2020-08-18T04:28:53.025Z] [hosting] finalized version for project-z-20: {"name":"sites/project-z-20/versions/cbd139365fd7872d","status":"FINALIZED","config":{"rewrites":[{"glob":"**","path":"/index.html"}]},"labels":{"deployment-tool":"cli-firebase"},"createTime":"2020-08-18T04:26:11.123292Z","createUser":{"email":"vsptpm@gmail.com"},"finalizeTime":"2020-08-18T04:28:52.821335Z","finalizeUser":{"email":"vsptpm@gmail.com"}}
[info] ✔  hosting[project-z-20]: version finalized 
[info] i  hosting[project-z-20]: releasing new version... 
[debug] [2020-08-18T04:28:53.027Z] >>> HTTP REQUEST POST https://firebasehosting.googleapis.com/v1beta1/sites/project-z-20/releases?version_name=sites/project-z-20/versions/cbd139365fd7872d  
 {"message":null}
[debug] [2020-08-18T04:31:13.839Z] Error: connect ENETUNREACH 172.217.163.202:443
    at TCPConnectWrap.afterConnect [as oncomplete] (net.js:1144:16)
[error] 
[error] Error: Server Error. connect ENETUNREACH 172.217.163.202:443
[debug] [2020-08-18T04:31:20.779Z] ----------------------------------------------------------------------
[debug] [2020-08-18T04:31:20.781Z] Command:       /usr/bin/node /usr/local/bin/firebase deploy
[debug] [2020-08-18T04:31:20.781Z] CLI Version:   8.7.0
[debug] [2020-08-18T04:31:20.781Z] Platform:      linux
[debug] [2020-08-18T04:31:20.782Z] Node Version:  v14.8.0
[debug] [2020-08-18T04:31:20.782Z] Time:          Tue Aug 18 2020 10:01:20 GMT+0530 (India Standard Time)
[debug] [2020-08-18T04:31:20.782Z] ----------------------------------------------------------------------
[debug] [2020-08-18T04:31:20.782Z] 
[debug] [2020-08-18T04:31:20.789Z] > command requires scopes: ["email","openid","https://www.googleapis.com/auth/cloudplatformprojects.readonly","https://www.googleapis.com/auth/firebase","https://www.googleapis.com/auth/cloud-platform"]
[debug] [2020-08-18T04:31:20.790Z] > authorizing via signed-in user
[debug] [2020-08-18T04:31:20.790Z] [iam] checking project project-z-20 for permissions ["firebase.projects.get","firebasehosting.sites.update"]
[debug] [2020-08-18T04:31:20.793Z] >>> HTTP REQUEST POST https://cloudresourcemanager.googleapis.com/v1/projects/project-z-20:testIamPermissions  
 {"permissions":["firebase.projects.get","firebasehosting.sites.update"]}
[debug] [2020-08-18T04:31:20.827Z] [iam] error while checking permissions, command may fail: FirebaseError: Server Error. getaddrinfo ENOTFOUND cloudresourcemanager.googleapis.com
[debug] [2020-08-18T04:31:20.828Z] >>> HTTP REQUEST GET https://firebase.googleapis.com/v1beta1/projects/project-z-20  
 
[debug] [2020-08-18T04:31:20.839Z] Server Error. getaddrinfo ENOTFOUND firebase.googleapis.com
[debug] [2020-08-18T04:31:20.846Z] FirebaseError: Server Error. getaddrinfo ENOTFOUND firebase.googleapis.com
    at Request._callback (/usr/local/lib/node_modules/firebase-tools/lib/api.js:32:31)
    at self.callback (/usr/local/lib/node_modules/firebase-tools/node_modules/request/request.js:185:22)
    at Request.emit (events.js:314:20)
    at Request.EventEmitter.emit (domain.js:486:12)
    at Request.onRequestError (/usr/local/lib/node_modules/firebase-tools/node_modules/request/request.js:877:8)
    at ClientRequest.emit (events.js:326:22)
    at ClientRequest.EventEmitter.emit (domain.js:486:12)
    at TLSSocket.socketErrorListener (_http_client.js:469:9)
    at TLSSocket.emit (events.js:314:20)
    at TLSSocket.EventEmitter.emit (domain.js:486:12)
    at emitErrorNT (internal/streams/destroy.js:100:8)
    at emitErrorCloseNT (internal/streams/destroy.js:68:3)
    at processTicksAndRejections (internal/process/task_queues.js:80:21)
[error] 
[error] Error: Failed to get Firebase project project-z-20. Please make sure the project exists and your account has permission to access it.
